[2022-05-26 07:08:49,833] {taskinstance.py:1159} INFO - Dependencies all met for <TaskInstance: tutorial.templated manual__2022-05-26T07:08:48.223752+00:00 [queued]>
[2022-05-26 07:08:49,845] {taskinstance.py:1159} INFO - Dependencies all met for <TaskInstance: tutorial.templated manual__2022-05-26T07:08:48.223752+00:00 [queued]>
[2022-05-26 07:08:49,845] {taskinstance.py:1356} INFO - 
--------------------------------------------------------------------------------
[2022-05-26 07:08:49,845] {taskinstance.py:1357} INFO - Starting attempt 1 of 2
[2022-05-26 07:08:49,845] {taskinstance.py:1358} INFO - 
--------------------------------------------------------------------------------
[2022-05-26 07:08:49,862] {taskinstance.py:1377} INFO - Executing <Task(BashOperator): templated> on 2022-05-26 07:08:48.223752+00:00
[2022-05-26 07:08:49,866] {standard_task_runner.py:52} INFO - Started process 69012 to run task
[2022-05-26 07:08:49,870] {standard_task_runner.py:79} INFO - Running: ['***', 'tasks', 'run', 'tutorial', 'templated', 'manual__2022-05-26T07:08:48.223752+00:00', '--job-id', '69', '--raw', '--subdir', '/home/***/.local/lib/python3.7/site-packages/***/example_dags/tutorial.py', '--cfg-path', '/tmp/tmpqtr4u74n', '--error-file', '/tmp/tmpmhoeyqdz']
[2022-05-26 07:08:49,871] {standard_task_runner.py:80} INFO - Job 69: Subtask templated
[2022-05-26 07:08:49,930] {task_command.py:369} INFO - Running <TaskInstance: tutorial.templated manual__2022-05-26T07:08:48.223752+00:00 [running]> on host 7fff3450d977
[2022-05-26 07:08:50,030] {taskinstance.py:1571} INFO - Exporting the following env vars:
AIRFLOW_CTX_DAG_EMAIL=***@example.com
AIRFLOW_CTX_DAG_OWNER=***
AIRFLOW_CTX_DAG_ID=tutorial
AIRFLOW_CTX_TASK_ID=templated
AIRFLOW_CTX_EXECUTION_DATE=2022-05-26T07:08:48.223752+00:00
AIRFLOW_CTX_TRY_NUMBER=1
AIRFLOW_CTX_DAG_RUN_ID=manual__2022-05-26T07:08:48.223752+00:00
[2022-05-26 07:08:50,031] {subprocess.py:62} INFO - Tmp dir root location: 
 /tmp
[2022-05-26 07:08:50,032] {subprocess.py:74} INFO - Running command: ['bash', '-c', '\n\n    echo "2022-05-26"\n    echo "2022-06-02"\n\n    echo "2022-05-26"\n    echo "2022-06-02"\n\n    echo "2022-05-26"\n    echo "2022-06-02"\n\n    echo "2022-05-26"\n    echo "2022-06-02"\n\n    echo "2022-05-26"\n    echo "2022-06-02"\n']
[2022-05-26 07:08:50,042] {subprocess.py:85} INFO - Output:
[2022-05-26 07:08:50,044] {subprocess.py:92} INFO - 2022-05-26
[2022-05-26 07:08:50,044] {subprocess.py:92} INFO - 2022-06-02
[2022-05-26 07:08:50,044] {subprocess.py:92} INFO - 2022-05-26
[2022-05-26 07:08:50,044] {subprocess.py:92} INFO - 2022-06-02
[2022-05-26 07:08:50,044] {subprocess.py:92} INFO - 2022-05-26
[2022-05-26 07:08:50,044] {subprocess.py:92} INFO - 2022-06-02
[2022-05-26 07:08:50,044] {subprocess.py:92} INFO - 2022-05-26
[2022-05-26 07:08:50,044] {subprocess.py:92} INFO - 2022-06-02
[2022-05-26 07:08:50,044] {subprocess.py:92} INFO - 2022-05-26
[2022-05-26 07:08:50,045] {subprocess.py:92} INFO - 2022-06-02
[2022-05-26 07:08:50,045] {subprocess.py:96} INFO - Command exited with return code 0
[2022-05-26 07:08:50,078] {taskinstance.py:1400} INFO - Marking task as SUCCESS. dag_id=tutorial, task_id=templated, execution_date=20220526T070848, start_date=20220526T070849, end_date=20220526T070850
[2022-05-26 07:08:50,120] {local_task_job.py:156} INFO - Task exited with return code 0
[2022-05-26 07:08:50,160] {local_task_job.py:273} INFO - 0 downstream tasks scheduled from follow-on schedule check
