[2022-05-25 13:09:47,658] {taskinstance.py:1159} INFO - Dependencies all met for <TaskInstance: tutorial_taskflow_api_etl.load manual__2022-05-25T13:09:44.611748+00:00 [queued]>
[2022-05-25 13:09:47,667] {taskinstance.py:1159} INFO - Dependencies all met for <TaskInstance: tutorial_taskflow_api_etl.load manual__2022-05-25T13:09:44.611748+00:00 [queued]>
[2022-05-25 13:09:47,667] {taskinstance.py:1356} INFO - 
--------------------------------------------------------------------------------
[2022-05-25 13:09:47,667] {taskinstance.py:1357} INFO - Starting attempt 1 of 1
[2022-05-25 13:09:47,667] {taskinstance.py:1358} INFO - 
--------------------------------------------------------------------------------
[2022-05-25 13:09:47,682] {taskinstance.py:1377} INFO - Executing <Task(_PythonDecoratedOperator): load> on 2022-05-25 13:09:44.611748+00:00
[2022-05-25 13:09:47,686] {standard_task_runner.py:52} INFO - Started process 225301 to run task
[2022-05-25 13:09:47,688] {standard_task_runner.py:79} INFO - Running: ['***', 'tasks', 'run', 'tutorial_taskflow_api_etl', 'load', 'manual__2022-05-25T13:09:44.611748+00:00', '--job-id', '59', '--raw', '--subdir', '/home/***/.local/lib/python3.7/site-packages/***/example_dags/tutorial_taskflow_api_etl.py', '--cfg-path', '/tmp/tmpic0m1vq0', '--error-file', '/tmp/tmpomkpbjin']
[2022-05-25 13:09:47,689] {standard_task_runner.py:80} INFO - Job 59: Subtask load
[2022-05-25 13:09:47,738] {task_command.py:369} INFO - Running <TaskInstance: tutorial_taskflow_api_etl.load manual__2022-05-25T13:09:44.611748+00:00 [running]> on host 7fff3450d977
[2022-05-25 13:09:47,829] {taskinstance.py:1571} INFO - Exporting the following env vars:
AIRFLOW_CTX_DAG_OWNER=***
AIRFLOW_CTX_DAG_ID=tutorial_taskflow_api_etl
AIRFLOW_CTX_TASK_ID=load
AIRFLOW_CTX_EXECUTION_DATE=2022-05-25T13:09:44.611748+00:00
AIRFLOW_CTX_TRY_NUMBER=1
AIRFLOW_CTX_DAG_RUN_ID=manual__2022-05-25T13:09:44.611748+00:00
[2022-05-25 13:09:47,830] {logging_mixin.py:115} INFO - Total order value is: 1236.70
[2022-05-25 13:09:47,830] {python.py:173} INFO - Done. Returned value was: None
[2022-05-25 13:09:47,844] {taskinstance.py:1400} INFO - Marking task as SUCCESS. dag_id=tutorial_taskflow_api_etl, task_id=load, execution_date=20220525T130944, start_date=20220525T130947, end_date=20220525T130947
[2022-05-25 13:09:47,900] {local_task_job.py:156} INFO - Task exited with return code 0
[2022-05-25 13:09:47,929] {local_task_job.py:273} INFO - 0 downstream tasks scheduled from follow-on schedule check
