[2022-05-26 07:08:20,722] {taskinstance.py:1159} INFO - Dependencies all met for <TaskInstance: example_branch_dop_operator_v3.condition manual__2022-05-26T07:08:19.558646+00:00 [queued]>
[2022-05-26 07:08:20,735] {taskinstance.py:1159} INFO - Dependencies all met for <TaskInstance: example_branch_dop_operator_v3.condition manual__2022-05-26T07:08:19.558646+00:00 [queued]>
[2022-05-26 07:08:20,735] {taskinstance.py:1356} INFO - 
--------------------------------------------------------------------------------
[2022-05-26 07:08:20,735] {taskinstance.py:1357} INFO - Starting attempt 1 of 1
[2022-05-26 07:08:20,735] {taskinstance.py:1358} INFO - 
--------------------------------------------------------------------------------
[2022-05-26 07:08:20,751] {taskinstance.py:1377} INFO - Executing <Task(BranchPythonOperator): condition> on 2022-05-26 07:08:19.558646+00:00
[2022-05-26 07:08:20,755] {standard_task_runner.py:52} INFO - Started process 68810 to run task
[2022-05-26 07:08:20,759] {standard_task_runner.py:79} INFO - Running: ['***', 'tasks', 'run', 'example_branch_dop_operator_v3', 'condition', 'manual__2022-05-26T07:08:19.558646+00:00', '--job-id', '66', '--raw', '--subdir', '/home/***/.local/lib/python3.7/site-packages/***/example_dags/example_branch_python_dop_operator_3.py', '--cfg-path', '/tmp/tmp2n_grip2', '--error-file', '/tmp/tmp_hhey6s_']
[2022-05-26 07:08:20,760] {standard_task_runner.py:80} INFO - Job 66: Subtask condition
[2022-05-26 07:08:20,818] {task_command.py:369} INFO - Running <TaskInstance: example_branch_dop_operator_v3.condition manual__2022-05-26T07:08:19.558646+00:00 [running]> on host 7fff3450d977
[2022-05-26 07:08:20,900] {taskinstance.py:1571} INFO - Exporting the following env vars:
AIRFLOW_CTX_DAG_OWNER=***
AIRFLOW_CTX_DAG_ID=example_branch_dop_operator_v3
AIRFLOW_CTX_TASK_ID=condition
AIRFLOW_CTX_EXECUTION_DATE=2022-05-26T07:08:19.558646+00:00
AIRFLOW_CTX_TRY_NUMBER=1
AIRFLOW_CTX_DAG_RUN_ID=manual__2022-05-26T07:08:19.558646+00:00
[2022-05-26 07:08:20,906] {logging_mixin.py:115} WARNING - /home/***/.local/lib/python3.7/site-packages/***/utils/context.py:290 AirflowContextDeprecationWarning: Accessing 'execution_date' from the template is deprecated and will be removed in a future version. Please use 'data_interval_start' or 'logical_date' instead.
[2022-05-26 07:08:20,906] {logging_mixin.py:115} INFO - ------------- exec dttm = 2022-05-26T07:08:19.558646+00:00 and minute = 8
[2022-05-26 07:08:20,906] {python.py:173} INFO - Done. Returned value was: empty_task_1
[2022-05-26 07:08:20,906] {skipmixin.py:140} INFO - Following branch empty_task_1
[2022-05-26 07:08:20,907] {skipmixin.py:175} INFO - Skipping tasks ['empty_task_2']
[2022-05-26 07:08:20,966] {taskinstance.py:1400} INFO - Marking task as SUCCESS. dag_id=example_branch_dop_operator_v3, task_id=condition, execution_date=20220526T070819, start_date=20220526T070820, end_date=20220526T070820
[2022-05-26 07:08:21,009] {local_task_job.py:156} INFO - Task exited with return code 0
[2022-05-26 07:08:21,067] {local_task_job.py:273} INFO - 0 downstream tasks scheduled from follow-on schedule check
