[2022-05-24 12:06:49,042] {taskinstance.py:1159} INFO - Dependencies all met for <TaskInstance: tutorial.print_date scheduled__2022-05-23T12:06:18.998279+00:00 [queued]>
[2022-05-24 12:06:49,051] {taskinstance.py:1159} INFO - Dependencies all met for <TaskInstance: tutorial.print_date scheduled__2022-05-23T12:06:18.998279+00:00 [queued]>
[2022-05-24 12:06:49,052] {taskinstance.py:1356} INFO - 
--------------------------------------------------------------------------------
[2022-05-24 12:06:49,052] {taskinstance.py:1357} INFO - Starting attempt 1 of 2
[2022-05-24 12:06:49,052] {taskinstance.py:1358} INFO - 
--------------------------------------------------------------------------------
[2022-05-24 12:06:49,065] {taskinstance.py:1377} INFO - Executing <Task(BashOperator): print_date> on 2022-05-23 12:06:18.998279+00:00
[2022-05-24 12:06:49,069] {standard_task_runner.py:52} INFO - Started process 1404 to run task
[2022-05-24 12:06:49,072] {standard_task_runner.py:79} INFO - Running: ['***', 'tasks', 'run', 'tutorial', 'print_date', 'scheduled__2022-05-23T12:06:18.998279+00:00', '--job-id', '37', '--raw', '--subdir', '/home/***/.local/lib/python3.7/site-packages/***/example_dags/tutorial.py', '--cfg-path', '/tmp/tmpe6fp9ad5', '--error-file', '/tmp/tmpm0geweir']
[2022-05-24 12:06:49,073] {standard_task_runner.py:80} INFO - Job 37: Subtask print_date
[2022-05-24 12:06:49,126] {task_command.py:369} INFO - Running <TaskInstance: tutorial.print_date scheduled__2022-05-23T12:06:18.998279+00:00 [running]> on host 7fff3450d977
[2022-05-24 12:06:49,289] {taskinstance.py:1571} INFO - Exporting the following env vars:
AIRFLOW_CTX_DAG_EMAIL=***@example.com
AIRFLOW_CTX_DAG_OWNER=***
AIRFLOW_CTX_DAG_ID=tutorial
AIRFLOW_CTX_TASK_ID=print_date
AIRFLOW_CTX_EXECUTION_DATE=2022-05-23T12:06:18.998279+00:00
AIRFLOW_CTX_TRY_NUMBER=1
AIRFLOW_CTX_DAG_RUN_ID=scheduled__2022-05-23T12:06:18.998279+00:00
[2022-05-24 12:06:49,289] {subprocess.py:62} INFO - Tmp dir root location: 
 /tmp
[2022-05-24 12:06:49,290] {subprocess.py:74} INFO - Running command: ['bash', '-c', 'date']
[2022-05-24 12:06:49,298] {subprocess.py:85} INFO - Output:
[2022-05-24 12:06:49,301] {subprocess.py:92} INFO - Tue May 24 12:06:49 UTC 2022
[2022-05-24 12:06:49,302] {subprocess.py:96} INFO - Command exited with return code 0
[2022-05-24 12:06:49,329] {taskinstance.py:1400} INFO - Marking task as SUCCESS. dag_id=tutorial, task_id=print_date, execution_date=20220523T120618, start_date=20220524T120649, end_date=20220524T120649
[2022-05-24 12:06:49,363] {local_task_job.py:156} INFO - Task exited with return code 0
[2022-05-24 12:06:49,416] {local_task_job.py:273} INFO - 2 downstream tasks scheduled from follow-on schedule check
