[2022-05-24 12:06:50,171] {taskinstance.py:1159} INFO - Dependencies all met for <TaskInstance: tutorial.sleep scheduled__2022-05-23T12:06:18.998279+00:00 [queued]>
[2022-05-24 12:06:50,181] {taskinstance.py:1159} INFO - Dependencies all met for <TaskInstance: tutorial.sleep scheduled__2022-05-23T12:06:18.998279+00:00 [queued]>
[2022-05-24 12:06:50,181] {taskinstance.py:1356} INFO - 
--------------------------------------------------------------------------------
[2022-05-24 12:06:50,181] {taskinstance.py:1357} INFO - Starting attempt 1 of 4
[2022-05-24 12:06:50,181] {taskinstance.py:1358} INFO - 
--------------------------------------------------------------------------------
[2022-05-24 12:06:50,195] {taskinstance.py:1377} INFO - Executing <Task(BashOperator): sleep> on 2022-05-23 12:06:18.998279+00:00
[2022-05-24 12:06:50,200] {standard_task_runner.py:52} INFO - Started process 1456 to run task
[2022-05-24 12:06:50,202] {standard_task_runner.py:79} INFO - Running: ['***', 'tasks', 'run', 'tutorial', 'sleep', 'scheduled__2022-05-23T12:06:18.998279+00:00', '--job-id', '38', '--raw', '--subdir', '/home/***/.local/lib/python3.7/site-packages/***/example_dags/tutorial.py', '--cfg-path', '/tmp/tmpuqyvcpji', '--error-file', '/tmp/tmphwox5vqp']
[2022-05-24 12:06:50,202] {standard_task_runner.py:80} INFO - Job 38: Subtask sleep
[2022-05-24 12:06:50,251] {task_command.py:369} INFO - Running <TaskInstance: tutorial.sleep scheduled__2022-05-23T12:06:18.998279+00:00 [running]> on host 7fff3450d977
[2022-05-24 12:06:50,443] {taskinstance.py:1571} INFO - Exporting the following env vars:
AIRFLOW_CTX_DAG_EMAIL=***@example.com
AIRFLOW_CTX_DAG_OWNER=***
AIRFLOW_CTX_DAG_ID=tutorial
AIRFLOW_CTX_TASK_ID=sleep
AIRFLOW_CTX_EXECUTION_DATE=2022-05-23T12:06:18.998279+00:00
AIRFLOW_CTX_TRY_NUMBER=1
AIRFLOW_CTX_DAG_RUN_ID=scheduled__2022-05-23T12:06:18.998279+00:00
[2022-05-24 12:06:50,443] {subprocess.py:62} INFO - Tmp dir root location: 
 /tmp
[2022-05-24 12:06:50,444] {subprocess.py:74} INFO - Running command: ['bash', '-c', 'sleep 5']
[2022-05-24 12:06:50,453] {subprocess.py:85} INFO - Output:
[2022-05-24 12:06:55,456] {subprocess.py:96} INFO - Command exited with return code 0
[2022-05-24 12:06:55,493] {taskinstance.py:1400} INFO - Marking task as SUCCESS. dag_id=tutorial, task_id=sleep, execution_date=20220523T120618, start_date=20220524T120650, end_date=20220524T120655
[2022-05-24 12:06:55,525] {local_task_job.py:156} INFO - Task exited with return code 0
[2022-05-24 12:06:55,558] {local_task_job.py:273} INFO - 0 downstream tasks scheduled from follow-on schedule check
