[2022-05-25 13:08:59,995] {taskinstance.py:1159} INFO - Dependencies all met for <TaskInstance: tutorial.sleep manual__2022-05-25T13:08:57.749917+00:00 [queued]>
[2022-05-25 13:09:00,005] {taskinstance.py:1159} INFO - Dependencies all met for <TaskInstance: tutorial.sleep manual__2022-05-25T13:08:57.749917+00:00 [queued]>
[2022-05-25 13:09:00,005] {taskinstance.py:1356} INFO - 
--------------------------------------------------------------------------------
[2022-05-25 13:09:00,005] {taskinstance.py:1357} INFO - Starting attempt 1 of 4
[2022-05-25 13:09:00,005] {taskinstance.py:1358} INFO - 
--------------------------------------------------------------------------------
[2022-05-25 13:09:00,021] {taskinstance.py:1377} INFO - Executing <Task(BashOperator): sleep> on 2022-05-25 13:08:57.749917+00:00
[2022-05-25 13:09:00,026] {standard_task_runner.py:52} INFO - Started process 224947 to run task
[2022-05-25 13:09:00,029] {standard_task_runner.py:79} INFO - Running: ['***', 'tasks', 'run', 'tutorial', 'sleep', 'manual__2022-05-25T13:08:57.749917+00:00', '--job-id', '56', '--raw', '--subdir', '/home/***/.local/lib/python3.7/site-packages/***/example_dags/tutorial.py', '--cfg-path', '/tmp/tmp9n5zu2kd', '--error-file', '/tmp/tmp8225vvdp']
[2022-05-25 13:09:00,030] {standard_task_runner.py:80} INFO - Job 56: Subtask sleep
[2022-05-25 13:09:00,084] {task_command.py:369} INFO - Running <TaskInstance: tutorial.sleep manual__2022-05-25T13:08:57.749917+00:00 [running]> on host 7fff3450d977
[2022-05-25 13:09:00,169] {taskinstance.py:1571} INFO - Exporting the following env vars:
AIRFLOW_CTX_DAG_EMAIL=***@example.com
AIRFLOW_CTX_DAG_OWNER=***
AIRFLOW_CTX_DAG_ID=tutorial
AIRFLOW_CTX_TASK_ID=sleep
AIRFLOW_CTX_EXECUTION_DATE=2022-05-25T13:08:57.749917+00:00
AIRFLOW_CTX_TRY_NUMBER=1
AIRFLOW_CTX_DAG_RUN_ID=manual__2022-05-25T13:08:57.749917+00:00
[2022-05-25 13:09:00,170] {subprocess.py:62} INFO - Tmp dir root location: 
 /tmp
[2022-05-25 13:09:00,171] {subprocess.py:74} INFO - Running command: ['bash', '-c', 'sleep 5']
[2022-05-25 13:09:00,180] {subprocess.py:85} INFO - Output:
[2022-05-25 13:09:05,183] {subprocess.py:96} INFO - Command exited with return code 0
[2022-05-25 13:09:05,217] {taskinstance.py:1400} INFO - Marking task as SUCCESS. dag_id=tutorial, task_id=sleep, execution_date=20220525T130857, start_date=20220525T130859, end_date=20220525T130905
[2022-05-25 13:09:05,272] {local_task_job.py:156} INFO - Task exited with return code 0
[2022-05-25 13:09:05,300] {local_task_job.py:273} INFO - 0 downstream tasks scheduled from follow-on schedule check
