[2022-05-25 03:17:27,982] {taskinstance.py:1159} INFO - Dependencies all met for <TaskInstance: example_bash_operator.this_will_skip scheduled__2022-05-24T00:00:00+00:00 [queued]>
[2022-05-25 03:17:27,995] {taskinstance.py:1159} INFO - Dependencies all met for <TaskInstance: example_bash_operator.this_will_skip scheduled__2022-05-24T00:00:00+00:00 [queued]>
[2022-05-25 03:17:27,995] {taskinstance.py:1356} INFO - 
--------------------------------------------------------------------------------
[2022-05-25 03:17:27,995] {taskinstance.py:1357} INFO - Starting attempt 1 of 1
[2022-05-25 03:17:27,995] {taskinstance.py:1358} INFO - 
--------------------------------------------------------------------------------
[2022-05-25 03:17:28,019] {taskinstance.py:1377} INFO - Executing <Task(BashOperator): this_will_skip> on 2022-05-24 00:00:00+00:00
[2022-05-25 03:17:28,024] {standard_task_runner.py:52} INFO - Started process 240 to run task
[2022-05-25 03:17:28,026] {standard_task_runner.py:79} INFO - Running: ['***', 'tasks', 'run', 'example_bash_operator', 'this_will_skip', 'scheduled__2022-05-24T00:00:00+00:00', '--job-id', '49', '--raw', '--subdir', '/home/***/.local/lib/python3.7/site-packages/***/example_dags/example_bash_operator.py', '--cfg-path', '/tmp/tmprws7lo6n', '--error-file', '/tmp/tmpoflv3mk7']
[2022-05-25 03:17:28,027] {standard_task_runner.py:80} INFO - Job 49: Subtask this_will_skip
[2022-05-25 03:17:28,093] {task_command.py:369} INFO - Running <TaskInstance: example_bash_operator.this_will_skip scheduled__2022-05-24T00:00:00+00:00 [running]> on host 7fff3450d977
[2022-05-25 03:17:28,185] {taskinstance.py:1571} INFO - Exporting the following env vars:
AIRFLOW_CTX_DAG_OWNER=***
AIRFLOW_CTX_DAG_ID=example_bash_operator
AIRFLOW_CTX_TASK_ID=this_will_skip
AIRFLOW_CTX_EXECUTION_DATE=2022-05-24T00:00:00+00:00
AIRFLOW_CTX_TRY_NUMBER=1
AIRFLOW_CTX_DAG_RUN_ID=scheduled__2022-05-24T00:00:00+00:00
[2022-05-25 03:17:28,186] {subprocess.py:62} INFO - Tmp dir root location: 
 /tmp
[2022-05-25 03:17:28,187] {subprocess.py:74} INFO - Running command: ['bash', '-c', 'echo "hello world"; exit 99;']
[2022-05-25 03:17:28,196] {subprocess.py:85} INFO - Output:
[2022-05-25 03:17:28,198] {subprocess.py:92} INFO - hello world
[2022-05-25 03:17:28,198] {subprocess.py:96} INFO - Command exited with return code 99
[2022-05-25 03:17:28,199] {taskinstance.py:1478} INFO - Bash command returned exit code 99. Skipping.
[2022-05-25 03:17:28,213] {taskinstance.py:1400} INFO - Marking task as SKIPPED. dag_id=example_bash_operator, task_id=this_will_skip, execution_date=20220524T000000, start_date=20220525T031727, end_date=20220525T031728
[2022-05-25 03:17:28,238] {local_task_job.py:156} INFO - Task exited with return code 0
[2022-05-25 03:17:28,279] {local_task_job.py:273} INFO - 0 downstream tasks scheduled from follow-on schedule check
