[2022-05-25 13:09:45,403] {taskinstance.py:1159} INFO - Dependencies all met for <TaskInstance: tutorial_taskflow_api_etl.extract manual__2022-05-25T13:09:44.611748+00:00 [queued]>
[2022-05-25 13:09:45,412] {taskinstance.py:1159} INFO - Dependencies all met for <TaskInstance: tutorial_taskflow_api_etl.extract manual__2022-05-25T13:09:44.611748+00:00 [queued]>
[2022-05-25 13:09:45,412] {taskinstance.py:1356} INFO - 
--------------------------------------------------------------------------------
[2022-05-25 13:09:45,412] {taskinstance.py:1357} INFO - Starting attempt 1 of 1
[2022-05-25 13:09:45,412] {taskinstance.py:1358} INFO - 
--------------------------------------------------------------------------------
[2022-05-25 13:09:45,427] {taskinstance.py:1377} INFO - Executing <Task(_PythonDecoratedOperator): extract> on 2022-05-25 13:09:44.611748+00:00
[2022-05-25 13:09:45,433] {standard_task_runner.py:52} INFO - Started process 225297 to run task
[2022-05-25 13:09:45,437] {standard_task_runner.py:79} INFO - Running: ['***', 'tasks', 'run', 'tutorial_taskflow_api_etl', 'extract', 'manual__2022-05-25T13:09:44.611748+00:00', '--job-id', '57', '--raw', '--subdir', '/home/***/.local/lib/python3.7/site-packages/***/example_dags/tutorial_taskflow_api_etl.py', '--cfg-path', '/tmp/tmpiq_wd8j6', '--error-file', '/tmp/tmpzmib9lh1']
[2022-05-25 13:09:45,438] {standard_task_runner.py:80} INFO - Job 57: Subtask extract
[2022-05-25 13:09:45,490] {task_command.py:369} INFO - Running <TaskInstance: tutorial_taskflow_api_etl.extract manual__2022-05-25T13:09:44.611748+00:00 [running]> on host 7fff3450d977
[2022-05-25 13:09:45,575] {taskinstance.py:1571} INFO - Exporting the following env vars:
AIRFLOW_CTX_DAG_OWNER=***
AIRFLOW_CTX_DAG_ID=tutorial_taskflow_api_etl
AIRFLOW_CTX_TASK_ID=extract
AIRFLOW_CTX_EXECUTION_DATE=2022-05-25T13:09:44.611748+00:00
AIRFLOW_CTX_TRY_NUMBER=1
AIRFLOW_CTX_DAG_RUN_ID=manual__2022-05-25T13:09:44.611748+00:00
[2022-05-25 13:09:45,576] {python.py:173} INFO - Done. Returned value was: {'1001': 301.27, '1002': 433.21, '1003': 502.22}
[2022-05-25 13:09:45,609] {taskinstance.py:1400} INFO - Marking task as SUCCESS. dag_id=tutorial_taskflow_api_etl, task_id=extract, execution_date=20220525T130944, start_date=20220525T130945, end_date=20220525T130945
[2022-05-25 13:09:45,648] {local_task_job.py:156} INFO - Task exited with return code 0
[2022-05-25 13:09:45,697] {local_task_job.py:273} INFO - 1 downstream tasks scheduled from follow-on schedule check
