[2022-05-26 07:08:48,785] {taskinstance.py:1159} INFO - Dependencies all met for <TaskInstance: tutorial.print_date manual__2022-05-26T07:08:48.223752+00:00 [queued]>
[2022-05-26 07:08:48,795] {taskinstance.py:1159} INFO - Dependencies all met for <TaskInstance: tutorial.print_date manual__2022-05-26T07:08:48.223752+00:00 [queued]>
[2022-05-26 07:08:48,795] {taskinstance.py:1356} INFO - 
--------------------------------------------------------------------------------
[2022-05-26 07:08:48,796] {taskinstance.py:1357} INFO - Starting attempt 1 of 2
[2022-05-26 07:08:48,796] {taskinstance.py:1358} INFO - 
--------------------------------------------------------------------------------
[2022-05-26 07:08:48,813] {taskinstance.py:1377} INFO - Executing <Task(BashOperator): print_date> on 2022-05-26 07:08:48.223752+00:00
[2022-05-26 07:08:48,817] {standard_task_runner.py:52} INFO - Started process 69000 to run task
[2022-05-26 07:08:48,820] {standard_task_runner.py:79} INFO - Running: ['***', 'tasks', 'run', 'tutorial', 'print_date', 'manual__2022-05-26T07:08:48.223752+00:00', '--job-id', '67', '--raw', '--subdir', '/home/***/.local/lib/python3.7/site-packages/***/example_dags/tutorial.py', '--cfg-path', '/tmp/tmpxnj4t4ck', '--error-file', '/tmp/tmp91toa6k9']
[2022-05-26 07:08:48,821] {standard_task_runner.py:80} INFO - Job 67: Subtask print_date
[2022-05-26 07:08:48,879] {task_command.py:369} INFO - Running <TaskInstance: tutorial.print_date manual__2022-05-26T07:08:48.223752+00:00 [running]> on host 7fff3450d977
[2022-05-26 07:08:48,966] {taskinstance.py:1571} INFO - Exporting the following env vars:
AIRFLOW_CTX_DAG_EMAIL=***@example.com
AIRFLOW_CTX_DAG_OWNER=***
AIRFLOW_CTX_DAG_ID=tutorial
AIRFLOW_CTX_TASK_ID=print_date
AIRFLOW_CTX_EXECUTION_DATE=2022-05-26T07:08:48.223752+00:00
AIRFLOW_CTX_TRY_NUMBER=1
AIRFLOW_CTX_DAG_RUN_ID=manual__2022-05-26T07:08:48.223752+00:00
[2022-05-26 07:08:48,967] {subprocess.py:62} INFO - Tmp dir root location: 
 /tmp
[2022-05-26 07:08:48,967] {subprocess.py:74} INFO - Running command: ['bash', '-c', 'date']
[2022-05-26 07:08:48,977] {subprocess.py:85} INFO - Output:
[2022-05-26 07:08:48,981] {subprocess.py:92} INFO - Thu May 26 07:08:48 UTC 2022
[2022-05-26 07:08:48,981] {subprocess.py:96} INFO - Command exited with return code 0
[2022-05-26 07:08:49,013] {taskinstance.py:1400} INFO - Marking task as SUCCESS. dag_id=tutorial, task_id=print_date, execution_date=20220526T070848, start_date=20220526T070848, end_date=20220526T070849
[2022-05-26 07:08:49,031] {local_task_job.py:156} INFO - Task exited with return code 0
[2022-05-26 07:08:49,072] {local_task_job.py:273} INFO - 2 downstream tasks scheduled from follow-on schedule check
