[2022-05-25 03:17:29,886] {taskinstance.py:1159} INFO - Dependencies all met for <TaskInstance: example_bash_operator.run_after_loop scheduled__2022-05-24T00:00:00+00:00 [queued]>
[2022-05-25 03:17:29,896] {taskinstance.py:1159} INFO - Dependencies all met for <TaskInstance: example_bash_operator.run_after_loop scheduled__2022-05-24T00:00:00+00:00 [queued]>
[2022-05-25 03:17:29,897] {taskinstance.py:1356} INFO - 
--------------------------------------------------------------------------------
[2022-05-25 03:17:29,897] {taskinstance.py:1357} INFO - Starting attempt 1 of 1
[2022-05-25 03:17:29,897] {taskinstance.py:1358} INFO - 
--------------------------------------------------------------------------------
[2022-05-25 03:17:29,911] {taskinstance.py:1377} INFO - Executing <Task(BashOperator): run_after_loop> on 2022-05-24 00:00:00+00:00
[2022-05-25 03:17:29,915] {standard_task_runner.py:52} INFO - Started process 360 to run task
[2022-05-25 03:17:29,917] {standard_task_runner.py:79} INFO - Running: ['***', 'tasks', 'run', 'example_bash_operator', 'run_after_loop', 'scheduled__2022-05-24T00:00:00+00:00', '--job-id', '50', '--raw', '--subdir', '/home/***/.local/lib/python3.7/site-packages/***/example_dags/example_bash_operator.py', '--cfg-path', '/tmp/tmph62jn35w', '--error-file', '/tmp/tmp5h6sx6zl']
[2022-05-25 03:17:29,917] {standard_task_runner.py:80} INFO - Job 50: Subtask run_after_loop
[2022-05-25 03:17:29,971] {task_command.py:369} INFO - Running <TaskInstance: example_bash_operator.run_after_loop scheduled__2022-05-24T00:00:00+00:00 [running]> on host 7fff3450d977
[2022-05-25 03:17:30,054] {taskinstance.py:1571} INFO - Exporting the following env vars:
AIRFLOW_CTX_DAG_OWNER=***
AIRFLOW_CTX_DAG_ID=example_bash_operator
AIRFLOW_CTX_TASK_ID=run_after_loop
AIRFLOW_CTX_EXECUTION_DATE=2022-05-24T00:00:00+00:00
AIRFLOW_CTX_TRY_NUMBER=1
AIRFLOW_CTX_DAG_RUN_ID=scheduled__2022-05-24T00:00:00+00:00
[2022-05-25 03:17:30,055] {subprocess.py:62} INFO - Tmp dir root location: 
 /tmp
[2022-05-25 03:17:30,055] {subprocess.py:74} INFO - Running command: ['bash', '-c', 'echo 1']
[2022-05-25 03:17:30,063] {subprocess.py:85} INFO - Output:
[2022-05-25 03:17:30,065] {subprocess.py:92} INFO - 1
[2022-05-25 03:17:30,065] {subprocess.py:96} INFO - Command exited with return code 0
[2022-05-25 03:17:30,107] {taskinstance.py:1400} INFO - Marking task as SUCCESS. dag_id=example_bash_operator, task_id=run_after_loop, execution_date=20220524T000000, start_date=20220525T031729, end_date=20220525T031730
[2022-05-25 03:17:30,128] {local_task_job.py:156} INFO - Task exited with return code 0
[2022-05-25 03:17:30,161] {local_task_job.py:273} INFO - 0 downstream tasks scheduled from follow-on schedule check
