[2022-05-25 03:17:27,884] {taskinstance.py:1159} INFO - Dependencies all met for <TaskInstance: example_bash_operator.runme_0 scheduled__2022-05-24T00:00:00+00:00 [queued]>
[2022-05-25 03:17:27,897] {taskinstance.py:1159} INFO - Dependencies all met for <TaskInstance: example_bash_operator.runme_0 scheduled__2022-05-24T00:00:00+00:00 [queued]>
[2022-05-25 03:17:27,897] {taskinstance.py:1356} INFO - 
--------------------------------------------------------------------------------
[2022-05-25 03:17:27,897] {taskinstance.py:1357} INFO - Starting attempt 1 of 1
[2022-05-25 03:17:27,897] {taskinstance.py:1358} INFO - 
--------------------------------------------------------------------------------
[2022-05-25 03:17:27,920] {taskinstance.py:1377} INFO - Executing <Task(BashOperator): runme_0> on 2022-05-24 00:00:00+00:00
[2022-05-25 03:17:27,924] {standard_task_runner.py:52} INFO - Started process 227 to run task
[2022-05-25 03:17:27,927] {standard_task_runner.py:79} INFO - Running: ['***', 'tasks', 'run', 'example_bash_operator', 'runme_0', 'scheduled__2022-05-24T00:00:00+00:00', '--job-id', '47', '--raw', '--subdir', '/home/***/.local/lib/python3.7/site-packages/***/example_dags/example_bash_operator.py', '--cfg-path', '/tmp/tmpoeq343cl', '--error-file', '/tmp/tmplk72jbdy']
[2022-05-25 03:17:27,928] {standard_task_runner.py:80} INFO - Job 47: Subtask runme_0
[2022-05-25 03:17:27,995] {task_command.py:369} INFO - Running <TaskInstance: example_bash_operator.runme_0 scheduled__2022-05-24T00:00:00+00:00 [running]> on host 7fff3450d977
[2022-05-25 03:17:28,093] {taskinstance.py:1571} INFO - Exporting the following env vars:
AIRFLOW_CTX_DAG_OWNER=***
AIRFLOW_CTX_DAG_ID=example_bash_operator
AIRFLOW_CTX_TASK_ID=runme_0
AIRFLOW_CTX_EXECUTION_DATE=2022-05-24T00:00:00+00:00
AIRFLOW_CTX_TRY_NUMBER=1
AIRFLOW_CTX_DAG_RUN_ID=scheduled__2022-05-24T00:00:00+00:00
[2022-05-25 03:17:28,094] {subprocess.py:62} INFO - Tmp dir root location: 
 /tmp
[2022-05-25 03:17:28,095] {subprocess.py:74} INFO - Running command: ['bash', '-c', 'echo "example_bash_operator__runme_0__20220524" && sleep 1']
[2022-05-25 03:17:28,105] {subprocess.py:85} INFO - Output:
[2022-05-25 03:17:28,111] {subprocess.py:92} INFO - example_bash_operator__runme_0__20220524
[2022-05-25 03:17:29,113] {subprocess.py:96} INFO - Command exited with return code 0
[2022-05-25 03:17:29,147] {taskinstance.py:1400} INFO - Marking task as SUCCESS. dag_id=example_bash_operator, task_id=runme_0, execution_date=20220524T000000, start_date=20220525T031727, end_date=20220525T031729
[2022-05-25 03:17:29,183] {local_task_job.py:156} INFO - Task exited with return code 0
[2022-05-25 03:17:29,220] {local_task_job.py:273} INFO - 1 downstream tasks scheduled from follow-on schedule check
