[2022-05-25 13:09:46,522] {taskinstance.py:1159} INFO - Dependencies all met for <TaskInstance: tutorial_taskflow_api_etl.transform manual__2022-05-25T13:09:44.611748+00:00 [queued]>
[2022-05-25 13:09:46,531] {taskinstance.py:1159} INFO - Dependencies all met for <TaskInstance: tutorial_taskflow_api_etl.transform manual__2022-05-25T13:09:44.611748+00:00 [queued]>
[2022-05-25 13:09:46,531] {taskinstance.py:1356} INFO - 
--------------------------------------------------------------------------------
[2022-05-25 13:09:46,531] {taskinstance.py:1357} INFO - Starting attempt 1 of 1
[2022-05-25 13:09:46,531] {taskinstance.py:1358} INFO - 
--------------------------------------------------------------------------------
[2022-05-25 13:09:46,546] {taskinstance.py:1377} INFO - Executing <Task(_PythonDecoratedOperator): transform> on 2022-05-25 13:09:44.611748+00:00
[2022-05-25 13:09:46,550] {standard_task_runner.py:52} INFO - Started process 225299 to run task
[2022-05-25 13:09:46,554] {standard_task_runner.py:79} INFO - Running: ['***', 'tasks', 'run', 'tutorial_taskflow_api_etl', 'transform', 'manual__2022-05-25T13:09:44.611748+00:00', '--job-id', '58', '--raw', '--subdir', '/home/***/.local/lib/python3.7/site-packages/***/example_dags/tutorial_taskflow_api_etl.py', '--cfg-path', '/tmp/tmpo9iv1039', '--error-file', '/tmp/tmpkiasfybv']
[2022-05-25 13:09:46,555] {standard_task_runner.py:80} INFO - Job 58: Subtask transform
[2022-05-25 13:09:46,614] {task_command.py:369} INFO - Running <TaskInstance: tutorial_taskflow_api_etl.transform manual__2022-05-25T13:09:44.611748+00:00 [running]> on host 7fff3450d977
[2022-05-25 13:09:46,697] {taskinstance.py:1571} INFO - Exporting the following env vars:
AIRFLOW_CTX_DAG_OWNER=***
AIRFLOW_CTX_DAG_ID=tutorial_taskflow_api_etl
AIRFLOW_CTX_TASK_ID=transform
AIRFLOW_CTX_EXECUTION_DATE=2022-05-25T13:09:44.611748+00:00
AIRFLOW_CTX_TRY_NUMBER=1
AIRFLOW_CTX_DAG_RUN_ID=manual__2022-05-25T13:09:44.611748+00:00
[2022-05-25 13:09:46,698] {python.py:173} INFO - Done. Returned value was: {'total_order_value': 1236.7}
[2022-05-25 13:09:46,772] {taskinstance.py:1400} INFO - Marking task as SUCCESS. dag_id=tutorial_taskflow_api_etl, task_id=transform, execution_date=20220525T130944, start_date=20220525T130946, end_date=20220525T130946
[2022-05-25 13:09:46,804] {local_task_job.py:156} INFO - Task exited with return code 0
[2022-05-25 13:09:46,848] {local_task_job.py:273} INFO - 1 downstream tasks scheduled from follow-on schedule check
