[2022-05-26 07:08:49,785] {taskinstance.py:1159} INFO - Dependencies all met for <TaskInstance: tutorial.sleep manual__2022-05-26T07:08:48.223752+00:00 [queued]>
[2022-05-26 07:08:49,798] {taskinstance.py:1159} INFO - Dependencies all met for <TaskInstance: tutorial.sleep manual__2022-05-26T07:08:48.223752+00:00 [queued]>
[2022-05-26 07:08:49,798] {taskinstance.py:1356} INFO - 
--------------------------------------------------------------------------------
[2022-05-26 07:08:49,798] {taskinstance.py:1357} INFO - Starting attempt 1 of 4
[2022-05-26 07:08:49,799] {taskinstance.py:1358} INFO - 
--------------------------------------------------------------------------------
[2022-05-26 07:08:49,821] {taskinstance.py:1377} INFO - Executing <Task(BashOperator): sleep> on 2022-05-26 07:08:48.223752+00:00
[2022-05-26 07:08:49,826] {standard_task_runner.py:52} INFO - Started process 69011 to run task
[2022-05-26 07:08:49,829] {standard_task_runner.py:79} INFO - Running: ['***', 'tasks', 'run', 'tutorial', 'sleep', 'manual__2022-05-26T07:08:48.223752+00:00', '--job-id', '68', '--raw', '--subdir', '/home/***/.local/lib/python3.7/site-packages/***/example_dags/tutorial.py', '--cfg-path', '/tmp/tmp_m085idg', '--error-file', '/tmp/tmpu5qvtpio']
[2022-05-26 07:08:49,830] {standard_task_runner.py:80} INFO - Job 68: Subtask sleep
[2022-05-26 07:08:49,891] {task_command.py:369} INFO - Running <TaskInstance: tutorial.sleep manual__2022-05-26T07:08:48.223752+00:00 [running]> on host 7fff3450d977
[2022-05-26 07:08:49,992] {taskinstance.py:1571} INFO - Exporting the following env vars:
AIRFLOW_CTX_DAG_EMAIL=***@example.com
AIRFLOW_CTX_DAG_OWNER=***
AIRFLOW_CTX_DAG_ID=tutorial
AIRFLOW_CTX_TASK_ID=sleep
AIRFLOW_CTX_EXECUTION_DATE=2022-05-26T07:08:48.223752+00:00
AIRFLOW_CTX_TRY_NUMBER=1
AIRFLOW_CTX_DAG_RUN_ID=manual__2022-05-26T07:08:48.223752+00:00
[2022-05-26 07:08:49,993] {subprocess.py:62} INFO - Tmp dir root location: 
 /tmp
[2022-05-26 07:08:49,994] {subprocess.py:74} INFO - Running command: ['bash', '-c', 'sleep 5']
[2022-05-26 07:08:50,004] {subprocess.py:85} INFO - Output:
[2022-05-26 07:08:55,008] {subprocess.py:96} INFO - Command exited with return code 0
[2022-05-26 07:08:55,044] {taskinstance.py:1400} INFO - Marking task as SUCCESS. dag_id=tutorial, task_id=sleep, execution_date=20220526T070848, start_date=20220526T070849, end_date=20220526T070855
[2022-05-26 07:08:55,064] {local_task_job.py:156} INFO - Task exited with return code 0
[2022-05-26 07:08:55,097] {local_task_job.py:273} INFO - 0 downstream tasks scheduled from follow-on schedule check
