[2022-05-24 12:06:59,114] {taskinstance.py:1159} INFO - Dependencies all met for <TaskInstance: tutorial.print_date manual__2022-05-24T12:06:58.084896+00:00 [queued]>
[2022-05-24 12:06:59,123] {taskinstance.py:1159} INFO - Dependencies all met for <TaskInstance: tutorial.print_date manual__2022-05-24T12:06:58.084896+00:00 [queued]>
[2022-05-24 12:06:59,124] {taskinstance.py:1356} INFO - 
--------------------------------------------------------------------------------
[2022-05-24 12:06:59,124] {taskinstance.py:1357} INFO - Starting attempt 1 of 2
[2022-05-24 12:06:59,124] {taskinstance.py:1358} INFO - 
--------------------------------------------------------------------------------
[2022-05-24 12:06:59,137] {taskinstance.py:1377} INFO - Executing <Task(BashOperator): print_date> on 2022-05-24 12:06:58.084896+00:00
[2022-05-24 12:06:59,141] {standard_task_runner.py:52} INFO - Started process 1583 to run task
[2022-05-24 12:06:59,144] {standard_task_runner.py:79} INFO - Running: ['***', 'tasks', 'run', 'tutorial', 'print_date', 'manual__2022-05-24T12:06:58.084896+00:00', '--job-id', '40', '--raw', '--subdir', '/home/***/.local/lib/python3.7/site-packages/***/example_dags/tutorial.py', '--cfg-path', '/tmp/tmp_yk9umv4', '--error-file', '/tmp/tmpv8cir2uf']
[2022-05-24 12:06:59,145] {standard_task_runner.py:80} INFO - Job 40: Subtask print_date
[2022-05-24 12:06:59,198] {task_command.py:369} INFO - Running <TaskInstance: tutorial.print_date manual__2022-05-24T12:06:58.084896+00:00 [running]> on host 7fff3450d977
[2022-05-24 12:06:59,370] {taskinstance.py:1571} INFO - Exporting the following env vars:
AIRFLOW_CTX_DAG_EMAIL=***@example.com
AIRFLOW_CTX_DAG_OWNER=***
AIRFLOW_CTX_DAG_ID=tutorial
AIRFLOW_CTX_TASK_ID=print_date
AIRFLOW_CTX_EXECUTION_DATE=2022-05-24T12:06:58.084896+00:00
AIRFLOW_CTX_TRY_NUMBER=1
AIRFLOW_CTX_DAG_RUN_ID=manual__2022-05-24T12:06:58.084896+00:00
[2022-05-24 12:06:59,370] {subprocess.py:62} INFO - Tmp dir root location: 
 /tmp
[2022-05-24 12:06:59,371] {subprocess.py:74} INFO - Running command: ['bash', '-c', 'date']
[2022-05-24 12:06:59,380] {subprocess.py:85} INFO - Output:
[2022-05-24 12:06:59,382] {subprocess.py:92} INFO - Tue May 24 12:06:59 UTC 2022
[2022-05-24 12:06:59,382] {subprocess.py:96} INFO - Command exited with return code 0
[2022-05-24 12:06:59,412] {taskinstance.py:1400} INFO - Marking task as SUCCESS. dag_id=tutorial, task_id=print_date, execution_date=20220524T120658, start_date=20220524T120659, end_date=20220524T120659
[2022-05-24 12:06:59,436] {local_task_job.py:156} INFO - Task exited with return code 0
[2022-05-24 12:06:59,474] {local_task_job.py:273} INFO - 2 downstream tasks scheduled from follow-on schedule check
