[2022-05-24 12:05:12,038] {taskinstance.py:1159} INFO - Dependencies all met for <TaskInstance: example_bash_operator.runme_1 manual__2022-05-24T12:05:10.932246+00:00 [queued]>
[2022-05-24 12:05:12,061] {taskinstance.py:1159} INFO - Dependencies all met for <TaskInstance: example_bash_operator.runme_1 manual__2022-05-24T12:05:10.932246+00:00 [queued]>
[2022-05-24 12:05:12,061] {taskinstance.py:1356} INFO - 
--------------------------------------------------------------------------------
[2022-05-24 12:05:12,061] {taskinstance.py:1357} INFO - Starting attempt 1 of 1
[2022-05-24 12:05:12,061] {taskinstance.py:1358} INFO - 
--------------------------------------------------------------------------------
[2022-05-24 12:05:12,079] {taskinstance.py:1377} INFO - Executing <Task(BashOperator): runme_1> on 2022-05-24 12:05:10.932246+00:00
[2022-05-24 12:05:12,083] {standard_task_runner.py:52} INFO - Started process 781 to run task
[2022-05-24 12:05:12,085] {standard_task_runner.py:79} INFO - Running: ['***', 'tasks', 'run', 'example_bash_operator', 'runme_1', 'manual__2022-05-24T12:05:10.932246+00:00', '--job-id', '25', '--raw', '--subdir', '/home/***/.local/lib/python3.7/site-packages/***/example_dags/example_bash_operator.py', '--cfg-path', '/tmp/tmp28r87i0c', '--error-file', '/tmp/tmp7_rllqm4']
[2022-05-24 12:05:12,086] {standard_task_runner.py:80} INFO - Job 25: Subtask runme_1
[2022-05-24 12:05:12,171] {task_command.py:369} INFO - Running <TaskInstance: example_bash_operator.runme_1 manual__2022-05-24T12:05:10.932246+00:00 [running]> on host 7fff3450d977
[2022-05-24 12:05:12,374] {taskinstance.py:1571} INFO - Exporting the following env vars:
AIRFLOW_CTX_DAG_OWNER=***
AIRFLOW_CTX_DAG_ID=example_bash_operator
AIRFLOW_CTX_TASK_ID=runme_1
AIRFLOW_CTX_EXECUTION_DATE=2022-05-24T12:05:10.932246+00:00
AIRFLOW_CTX_TRY_NUMBER=1
AIRFLOW_CTX_DAG_RUN_ID=manual__2022-05-24T12:05:10.932246+00:00
[2022-05-24 12:05:12,375] {subprocess.py:62} INFO - Tmp dir root location: 
 /tmp
[2022-05-24 12:05:12,375] {subprocess.py:74} INFO - Running command: ['bash', '-c', 'echo "example_bash_operator__runme_1__20220524" && sleep 1']
[2022-05-24 12:05:12,390] {subprocess.py:85} INFO - Output:
[2022-05-24 12:05:12,392] {subprocess.py:92} INFO - example_bash_operator__runme_1__20220524
[2022-05-24 12:05:13,394] {subprocess.py:96} INFO - Command exited with return code 0
[2022-05-24 12:05:13,426] {taskinstance.py:1400} INFO - Marking task as SUCCESS. dag_id=example_bash_operator, task_id=runme_1, execution_date=20220524T120510, start_date=20220524T120512, end_date=20220524T120513
[2022-05-24 12:05:13,462] {local_task_job.py:156} INFO - Task exited with return code 0
[2022-05-24 12:05:13,506] {local_task_job.py:273} INFO - 0 downstream tasks scheduled from follow-on schedule check
