[2022-05-25 12:06:20,641] {taskinstance.py:1159} INFO - Dependencies all met for <TaskInstance: tutorial.templated scheduled__2022-05-24T12:06:18.998279+00:00 [queued]>
[2022-05-25 12:06:20,651] {taskinstance.py:1159} INFO - Dependencies all met for <TaskInstance: tutorial.templated scheduled__2022-05-24T12:06:18.998279+00:00 [queued]>
[2022-05-25 12:06:20,651] {taskinstance.py:1356} INFO - 
--------------------------------------------------------------------------------
[2022-05-25 12:06:20,651] {taskinstance.py:1357} INFO - Starting attempt 1 of 2
[2022-05-25 12:06:20,651] {taskinstance.py:1358} INFO - 
--------------------------------------------------------------------------------
[2022-05-25 12:06:20,666] {taskinstance.py:1377} INFO - Executing <Task(BashOperator): templated> on 2022-05-24 12:06:18.998279+00:00
[2022-05-25 12:06:20,670] {standard_task_runner.py:52} INFO - Started process 201181 to run task
[2022-05-25 12:06:20,674] {standard_task_runner.py:79} INFO - Running: ['***', 'tasks', 'run', 'tutorial', 'templated', 'scheduled__2022-05-24T12:06:18.998279+00:00', '--job-id', '52', '--raw', '--subdir', '/home/***/.local/lib/python3.7/site-packages/***/example_dags/tutorial.py', '--cfg-path', '/tmp/tmpcitp5_6l', '--error-file', '/tmp/tmpc7n6h5gt']
[2022-05-25 12:06:20,675] {standard_task_runner.py:80} INFO - Job 52: Subtask templated
[2022-05-25 12:06:20,728] {task_command.py:369} INFO - Running <TaskInstance: tutorial.templated scheduled__2022-05-24T12:06:18.998279+00:00 [running]> on host 7fff3450d977
[2022-05-25 12:06:20,811] {taskinstance.py:1571} INFO - Exporting the following env vars:
AIRFLOW_CTX_DAG_EMAIL=***@example.com
AIRFLOW_CTX_DAG_OWNER=***
AIRFLOW_CTX_DAG_ID=tutorial
AIRFLOW_CTX_TASK_ID=templated
AIRFLOW_CTX_EXECUTION_DATE=2022-05-24T12:06:18.998279+00:00
AIRFLOW_CTX_TRY_NUMBER=1
AIRFLOW_CTX_DAG_RUN_ID=scheduled__2022-05-24T12:06:18.998279+00:00
[2022-05-25 12:06:20,812] {subprocess.py:62} INFO - Tmp dir root location: 
 /tmp
[2022-05-25 12:06:20,813] {subprocess.py:74} INFO - Running command: ['bash', '-c', '\n\n    echo "2022-05-24"\n    echo "2022-05-31"\n\n    echo "2022-05-24"\n    echo "2022-05-31"\n\n    echo "2022-05-24"\n    echo "2022-05-31"\n\n    echo "2022-05-24"\n    echo "2022-05-31"\n\n    echo "2022-05-24"\n    echo "2022-05-31"\n']
[2022-05-25 12:06:20,823] {subprocess.py:85} INFO - Output:
[2022-05-25 12:06:20,826] {subprocess.py:92} INFO - 2022-05-24
[2022-05-25 12:06:20,827] {subprocess.py:92} INFO - 2022-05-31
[2022-05-25 12:06:20,827] {subprocess.py:92} INFO - 2022-05-24
[2022-05-25 12:06:20,827] {subprocess.py:92} INFO - 2022-05-31
[2022-05-25 12:06:20,827] {subprocess.py:92} INFO - 2022-05-24
[2022-05-25 12:06:20,827] {subprocess.py:92} INFO - 2022-05-31
[2022-05-25 12:06:20,827] {subprocess.py:92} INFO - 2022-05-24
[2022-05-25 12:06:20,827] {subprocess.py:92} INFO - 2022-05-31
[2022-05-25 12:06:20,827] {subprocess.py:92} INFO - 2022-05-24
[2022-05-25 12:06:20,827] {subprocess.py:92} INFO - 2022-05-31
[2022-05-25 12:06:20,827] {subprocess.py:96} INFO - Command exited with return code 0
[2022-05-25 12:06:20,853] {taskinstance.py:1400} INFO - Marking task as SUCCESS. dag_id=tutorial, task_id=templated, execution_date=20220524T120618, start_date=20220525T120620, end_date=20220525T120620
[2022-05-25 12:06:20,885] {local_task_job.py:156} INFO - Task exited with return code 0
[2022-05-25 12:06:20,926] {local_task_job.py:273} INFO - 0 downstream tasks scheduled from follow-on schedule check
