[2022-05-25 12:06:20,675] {taskinstance.py:1159} INFO - Dependencies all met for <TaskInstance: tutorial.sleep scheduled__2022-05-24T12:06:18.998279+00:00 [queued]>
[2022-05-25 12:06:20,684] {taskinstance.py:1159} INFO - Dependencies all met for <TaskInstance: tutorial.sleep scheduled__2022-05-24T12:06:18.998279+00:00 [queued]>
[2022-05-25 12:06:20,684] {taskinstance.py:1356} INFO - 
--------------------------------------------------------------------------------
[2022-05-25 12:06:20,684] {taskinstance.py:1357} INFO - Starting attempt 1 of 4
[2022-05-25 12:06:20,684] {taskinstance.py:1358} INFO - 
--------------------------------------------------------------------------------
[2022-05-25 12:06:20,699] {taskinstance.py:1377} INFO - Executing <Task(BashOperator): sleep> on 2022-05-24 12:06:18.998279+00:00
[2022-05-25 12:06:20,703] {standard_task_runner.py:52} INFO - Started process 201182 to run task
[2022-05-25 12:06:20,706] {standard_task_runner.py:79} INFO - Running: ['***', 'tasks', 'run', 'tutorial', 'sleep', 'scheduled__2022-05-24T12:06:18.998279+00:00', '--job-id', '53', '--raw', '--subdir', '/home/***/.local/lib/python3.7/site-packages/***/example_dags/tutorial.py', '--cfg-path', '/tmp/tmp05zae_jh', '--error-file', '/tmp/tmpn5uoijh_']
[2022-05-25 12:06:20,707] {standard_task_runner.py:80} INFO - Job 53: Subtask sleep
[2022-05-25 12:06:20,760] {task_command.py:369} INFO - Running <TaskInstance: tutorial.sleep scheduled__2022-05-24T12:06:18.998279+00:00 [running]> on host 7fff3450d977
[2022-05-25 12:06:20,839] {taskinstance.py:1571} INFO - Exporting the following env vars:
AIRFLOW_CTX_DAG_EMAIL=***@example.com
AIRFLOW_CTX_DAG_OWNER=***
AIRFLOW_CTX_DAG_ID=tutorial
AIRFLOW_CTX_TASK_ID=sleep
AIRFLOW_CTX_EXECUTION_DATE=2022-05-24T12:06:18.998279+00:00
AIRFLOW_CTX_TRY_NUMBER=1
AIRFLOW_CTX_DAG_RUN_ID=scheduled__2022-05-24T12:06:18.998279+00:00
[2022-05-25 12:06:20,840] {subprocess.py:62} INFO - Tmp dir root location: 
 /tmp
[2022-05-25 12:06:20,841] {subprocess.py:74} INFO - Running command: ['bash', '-c', 'sleep 5']
[2022-05-25 12:06:20,851] {subprocess.py:85} INFO - Output:
[2022-05-25 12:06:25,857] {subprocess.py:96} INFO - Command exited with return code 0
[2022-05-25 12:06:25,893] {taskinstance.py:1400} INFO - Marking task as SUCCESS. dag_id=tutorial, task_id=sleep, execution_date=20220524T120618, start_date=20220525T120620, end_date=20220525T120625
[2022-05-25 12:06:25,915] {local_task_job.py:156} INFO - Task exited with return code 0
[2022-05-25 12:06:25,947] {local_task_job.py:273} INFO - 0 downstream tasks scheduled from follow-on schedule check
