[2022-05-25 13:08:59,066] {taskinstance.py:1159} INFO - Dependencies all met for <TaskInstance: tutorial.print_date manual__2022-05-25T13:08:57.749917+00:00 [queued]>
[2022-05-25 13:08:59,077] {taskinstance.py:1159} INFO - Dependencies all met for <TaskInstance: tutorial.print_date manual__2022-05-25T13:08:57.749917+00:00 [queued]>
[2022-05-25 13:08:59,077] {taskinstance.py:1356} INFO - 
--------------------------------------------------------------------------------
[2022-05-25 13:08:59,077] {taskinstance.py:1357} INFO - Starting attempt 1 of 2
[2022-05-25 13:08:59,077] {taskinstance.py:1358} INFO - 
--------------------------------------------------------------------------------
[2022-05-25 13:08:59,093] {taskinstance.py:1377} INFO - Executing <Task(BashOperator): print_date> on 2022-05-25 13:08:57.749917+00:00
[2022-05-25 13:08:59,097] {standard_task_runner.py:52} INFO - Started process 224942 to run task
[2022-05-25 13:08:59,100] {standard_task_runner.py:79} INFO - Running: ['***', 'tasks', 'run', 'tutorial', 'print_date', 'manual__2022-05-25T13:08:57.749917+00:00', '--job-id', '54', '--raw', '--subdir', '/home/***/.local/lib/python3.7/site-packages/***/example_dags/tutorial.py', '--cfg-path', '/tmp/tmp6k2ph2pm', '--error-file', '/tmp/tmp7tz4l6sb']
[2022-05-25 13:08:59,101] {standard_task_runner.py:80} INFO - Job 54: Subtask print_date
[2022-05-25 13:08:59,157] {task_command.py:369} INFO - Running <TaskInstance: tutorial.print_date manual__2022-05-25T13:08:57.749917+00:00 [running]> on host 7fff3450d977
[2022-05-25 13:08:59,239] {taskinstance.py:1571} INFO - Exporting the following env vars:
AIRFLOW_CTX_DAG_EMAIL=***@example.com
AIRFLOW_CTX_DAG_OWNER=***
AIRFLOW_CTX_DAG_ID=tutorial
AIRFLOW_CTX_TASK_ID=print_date
AIRFLOW_CTX_EXECUTION_DATE=2022-05-25T13:08:57.749917+00:00
AIRFLOW_CTX_TRY_NUMBER=1
AIRFLOW_CTX_DAG_RUN_ID=manual__2022-05-25T13:08:57.749917+00:00
[2022-05-25 13:08:59,241] {subprocess.py:62} INFO - Tmp dir root location: 
 /tmp
[2022-05-25 13:08:59,241] {subprocess.py:74} INFO - Running command: ['bash', '-c', 'date']
[2022-05-25 13:08:59,251] {subprocess.py:85} INFO - Output:
[2022-05-25 13:08:59,254] {subprocess.py:92} INFO - Wed May 25 13:08:59 UTC 2022
[2022-05-25 13:08:59,254] {subprocess.py:96} INFO - Command exited with return code 0
[2022-05-25 13:08:59,282] {taskinstance.py:1400} INFO - Marking task as SUCCESS. dag_id=tutorial, task_id=print_date, execution_date=20220525T130857, start_date=20220525T130859, end_date=20220525T130859
[2022-05-25 13:08:59,311] {local_task_job.py:156} INFO - Task exited with return code 0
[2022-05-25 13:08:59,357] {local_task_job.py:273} INFO - 2 downstream tasks scheduled from follow-on schedule check
