[2022-05-25 03:17:27,802] {taskinstance.py:1159} INFO - Dependencies all met for <TaskInstance: example_bash_operator.runme_1 scheduled__2022-05-24T00:00:00+00:00 [queued]>
[2022-05-25 03:17:27,812] {taskinstance.py:1159} INFO - Dependencies all met for <TaskInstance: example_bash_operator.runme_1 scheduled__2022-05-24T00:00:00+00:00 [queued]>
[2022-05-25 03:17:27,812] {taskinstance.py:1356} INFO - 
--------------------------------------------------------------------------------
[2022-05-25 03:17:27,812] {taskinstance.py:1357} INFO - Starting attempt 1 of 1
[2022-05-25 03:17:27,812] {taskinstance.py:1358} INFO - 
--------------------------------------------------------------------------------
[2022-05-25 03:17:27,828] {taskinstance.py:1377} INFO - Executing <Task(BashOperator): runme_1> on 2022-05-24 00:00:00+00:00
[2022-05-25 03:17:27,833] {standard_task_runner.py:52} INFO - Started process 215 to run task
[2022-05-25 03:17:27,835] {standard_task_runner.py:79} INFO - Running: ['***', 'tasks', 'run', 'example_bash_operator', 'runme_1', 'scheduled__2022-05-24T00:00:00+00:00', '--job-id', '45', '--raw', '--subdir', '/home/***/.local/lib/python3.7/site-packages/***/example_dags/example_bash_operator.py', '--cfg-path', '/tmp/tmpcqrv5vpo', '--error-file', '/tmp/tmpi3zyuv3n']
[2022-05-25 03:17:27,836] {standard_task_runner.py:80} INFO - Job 45: Subtask runme_1
[2022-05-25 03:17:27,892] {task_command.py:369} INFO - Running <TaskInstance: example_bash_operator.runme_1 scheduled__2022-05-24T00:00:00+00:00 [running]> on host 7fff3450d977
[2022-05-25 03:17:27,987] {taskinstance.py:1571} INFO - Exporting the following env vars:
AIRFLOW_CTX_DAG_OWNER=***
AIRFLOW_CTX_DAG_ID=example_bash_operator
AIRFLOW_CTX_TASK_ID=runme_1
AIRFLOW_CTX_EXECUTION_DATE=2022-05-24T00:00:00+00:00
AIRFLOW_CTX_TRY_NUMBER=1
AIRFLOW_CTX_DAG_RUN_ID=scheduled__2022-05-24T00:00:00+00:00
[2022-05-25 03:17:27,988] {subprocess.py:62} INFO - Tmp dir root location: 
 /tmp
[2022-05-25 03:17:27,989] {subprocess.py:74} INFO - Running command: ['bash', '-c', 'echo "example_bash_operator__runme_1__20220524" && sleep 1']
[2022-05-25 03:17:27,999] {subprocess.py:85} INFO - Output:
[2022-05-25 03:17:28,001] {subprocess.py:92} INFO - example_bash_operator__runme_1__20220524
[2022-05-25 03:17:29,003] {subprocess.py:96} INFO - Command exited with return code 0
[2022-05-25 03:17:29,032] {taskinstance.py:1400} INFO - Marking task as SUCCESS. dag_id=example_bash_operator, task_id=runme_1, execution_date=20220524T000000, start_date=20220525T031727, end_date=20220525T031729
[2022-05-25 03:17:29,091] {local_task_job.py:156} INFO - Task exited with return code 0
[2022-05-25 03:17:29,137] {local_task_job.py:273} INFO - 0 downstream tasks scheduled from follow-on schedule check
